<?xml version="1.0" encoding="UTF-8"?>
<testng-results ignored="0" total="1" passed="1" failed="0" skipped="0">
  <reporter-output>
  </reporter-output>
  <suite started-at="2023-07-27T15:52:58 PKT" name="Suite" finished-at="2023-07-27T15:53:34 PKT" duration-ms="36197">
    <groups>
    </groups>
    <test started-at="2023-07-27T15:52:58 PKT" name="Test" finished-at="2023-07-27T15:53:34 PKT" duration-ms="36197">
      <class name="com.plentysweb.testcases.TC_Signup">
        <test-method is-config="true" signature="setup()[pri:0, instance:com.plentysweb.testcases.TC_Signup@3f197a46]" started-at="2023-07-27T15:52:58 PKT" name="setup" finished-at="2023-07-27T15:53:10 PKT" duration-ms="12668" status="PASS">
          <reporter-output>
          </reporter-output>
        </test-method> <!-- setup -->
        <test-method signature="Signup()[pri:0, instance:com.plentysweb.testcases.TC_Signup@3f197a46]" started-at="2023-07-27T15:53:11 PKT" name="Signup" finished-at="2023-07-27T15:53:33 PKT" duration-ms="22872" status="PASS">
          <reporter-output>
          </reporter-output>
        </test-method> <!-- Signup -->
        <test-method is-config="true" signature="tearDown()[pri:0, instance:com.plentysweb.testcases.TC_Signup@3f197a46]" started-at="2023-07-27T15:53:33 PKT" name="tearDown" finished-at="2023-07-27T15:53:34 PKT" duration-ms="555" status="PASS">
          <reporter-output>
          </reporter-output>
        </test-method> <!-- tearDown -->
      </class> <!-- com.plentysweb.testcases.TC_Signup -->
    </test> <!-- Test -->
  </suite> <!-- Suite -->
</testng-results>
