<?xml version="1.0" encoding="UTF-8"?>
<testsuite xmlns:xsi="http://www.w3.org/2001/XMLSchema-instance" xsi:noNamespaceSchemaLocation="https://maven.apache.org/surefire/maven-surefire-plugin/xsd/surefire-test-report-3.0.xsd" version="3.0" name="TestSuite" time="37.115" tests="1" errors="0" skipped="0" failures="0">
  <properties>
[...]
</properties>
  <testcase name="Signup" classname="com.plentysweb.testcases.TC_Signup" time="22.875">
    <system-out><![CDATA[[DEBUG] 2023-07-27 15:53:02.085 [main] InternalLoggerFactory - Using Log4J2 as the default logging framework
[DEBUG] 2023-07-27 15:53:02.098 [main] ResourceLeakDetector - -Dio.netty.leakDetection.level: simple
[DEBUG] 2023-07-27 15:53:02.098 [main] ResourceLeakDetector - -Dio.netty.leakDetection.targetRecords: 4
[DEBUG] 2023-07-27 15:53:02.104 [main] ResourceLeakDetectorFactory - Loaded default ResourceLeakDetector: io.netty.util.ResourceLeakDetector@67001148
[DEBUG] 2023-07-27 15:53:02.135 [main] PlatformDependent0 - -Dio.netty.noUnsafe: false
[DEBUG] 2023-07-27 15:53:02.136 [main] PlatformDependent0 - Java version: 19
[DEBUG] 2023-07-27 15:53:02.138 [main] PlatformDependent0 - sun.misc.Unsafe.theUnsafe: available
[DEBUG] 2023-07-27 15:53:02.139 [main] PlatformDependent0 - sun.misc.Unsafe.copyMemory: available
[DEBUG] 2023-07-27 15:53:02.140 [main] PlatformDependent0 - java.nio.Buffer.address: available
[DEBUG] 2023-07-27 15:53:02.141 [main] PlatformDependent0 - direct buffer constructor: unavailable: Reflective setAccessible(true) disabled
[DEBUG] 2023-07-27 15:53:02.142 [main] PlatformDependent0 - java.nio.Bits.unaligned: available, true
[DEBUG] 2023-07-27 15:53:02.144 [main] PlatformDependent0 - jdk.internal.misc.Unsafe.allocateUninitializedArray(int): unavailable: class io.netty.util.internal.PlatformDependent0$6 cannot access class jdk.internal.misc.Unsafe (in module java.base) because module java.base does not export jdk.internal.misc to unnamed module @4b44655e
[DEBUG] 2023-07-27 15:53:02.146 [main] PlatformDependent0 - java.nio.DirectByteBuffer.<init>(long, int): unavailable
[DEBUG] 2023-07-27 15:53:02.146 [main] PlatformDependent - sun.misc.Unsafe: available
[DEBUG] 2023-07-27 15:53:02.147 [main] PlatformDependent - maxDirectMemory: 2118123520 bytes (maybe)
[DEBUG] 2023-07-27 15:53:02.147 [main] PlatformDependent - -Dio.netty.tmpdir: C:\Users\840G3~1\AppData\Local\Temp (java.io.tmpdir)
[DEBUG] 2023-07-27 15:53:02.148 [main] PlatformDependent - -Dio.netty.bitMode: 64 (sun.arch.data.model)
[DEBUG] 2023-07-27 15:53:02.148 [main] PlatformDependent - Platform: Windows
[DEBUG] 2023-07-27 15:53:02.149 [main] PlatformDependent - -Dio.netty.maxDirectMemory: -1 bytes
[DEBUG] 2023-07-27 15:53:02.149 [main] PlatformDependent - -Dio.netty.uninitializedArrayAllocationThreshold: -1
[DEBUG] 2023-07-27 15:53:02.152 [main] CleanerJava9 - java.nio.ByteBuffer.cleaner(): available
[DEBUG] 2023-07-27 15:53:02.152 [main] PlatformDependent - -Dio.netty.noPreferDirect: false
[DEBUG] 2023-07-27 15:53:02.165 [main] PlatformDependent - org.jctools-core.MpscChunkedArrayQueue: available
[DEBUG] 2023-07-27 15:53:02.210 [main] InternalThreadLocalMap - -Dio.netty.threadLocalMap.stringBuilder.initialSize: 1024
[DEBUG] 2023-07-27 15:53:02.211 [main] InternalThreadLocalMap - -Dio.netty.threadLocalMap.stringBuilder.maxSize: 4096
[DEBUG] 2023-07-27 15:53:02.235 [main] JdkSslContext - Default protocols (JDK): [TLSv1.3, TLSv1.2] 
[DEBUG] 2023-07-27 15:53:02.235 [main] JdkSslContext - Default cipher suites (JDK): [TLS_ECDHE_ECDSA_WITH_AES_256_GCM_SHA384, TLS_ECDHE_ECDSA_WITH_AES_128_GCM_SHA256, TLS_ECDHE_RSA_WITH_AES_128_GCM_SHA256, TLS_ECDHE_RSA_WITH_AES_256_GCM_SHA384, TLS_ECDHE_RSA_WITH_AES_128_CBC_SHA, TLS_ECDHE_RSA_WITH_AES_256_CBC_SHA, TLS_RSA_WITH_AES_128_GCM_SHA256, TLS_RSA_WITH_AES_128_CBC_SHA, TLS_RSA_WITH_AES_256_CBC_SHA, TLS_AES_128_GCM_SHA256, TLS_AES_256_GCM_SHA384]
[DEBUG] 2023-07-27 15:53:02.284 [main] MultithreadEventLoopGroup - -Dio.netty.eventLoopThreads: 8
[DEBUG] 2023-07-27 15:53:02.320 [main] NioEventLoop - -Dio.netty.noKeySetOptimization: false
[DEBUG] 2023-07-27 15:53:02.321 [main] NioEventLoop - -Dio.netty.selectorAutoRebuildThreshold: 512
[DEBUG] 2023-07-27 15:53:02.447 [main] PooledByteBufAllocator - -Dio.netty.allocator.numHeapArenas: 8
[DEBUG] 2023-07-27 15:53:02.448 [main] PooledByteBufAllocator - -Dio.netty.allocator.numDirectArenas: 8
[DEBUG] 2023-07-27 15:53:02.448 [main] PooledByteBufAllocator - -Dio.netty.allocator.pageSize: 8192
[DEBUG] 2023-07-27 15:53:02.448 [main] PooledByteBufAllocator - -Dio.netty.allocator.maxOrder: 11
[DEBUG] 2023-07-27 15:53:02.449 [main] PooledByteBufAllocator - -Dio.netty.allocator.chunkSize: 16777216
[DEBUG] 2023-07-27 15:53:02.449 [main] PooledByteBufAllocator - -Dio.netty.allocator.smallCacheSize: 256
[DEBUG] 2023-07-27 15:53:02.450 [main] PooledByteBufAllocator - -Dio.netty.allocator.normalCacheSize: 64
[DEBUG] 2023-07-27 15:53:02.450 [main] PooledByteBufAllocator - -Dio.netty.allocator.maxCachedBufferCapacity: 32768
[DEBUG] 2023-07-27 15:53:02.451 [main] PooledByteBufAllocator - -Dio.netty.allocator.cacheTrimInterval: 8192
[DEBUG] 2023-07-27 15:53:02.451 [main] PooledByteBufAllocator - -Dio.netty.allocator.cacheTrimIntervalMillis: 0
[DEBUG] 2023-07-27 15:53:02.451 [main] PooledByteBufAllocator - -Dio.netty.allocator.useCacheForAllThreads: true
[DEBUG] 2023-07-27 15:53:02.452 [main] PooledByteBufAllocator - -Dio.netty.allocator.maxCachedByteBuffersPerChunk: 1023
[DEBUG] 2023-07-27 15:53:02.483 [main] ByteBufUtil - -Dio.netty.allocator.type: pooled
[DEBUG] 2023-07-27 15:53:02.483 [main] ByteBufUtil - -Dio.netty.threadLocalDirectBufferSize: 0
[DEBUG] 2023-07-27 15:53:02.484 [main] ByteBufUtil - -Dio.netty.maxThreadLocalCharBufferSize: 16384
[DEBUG] 2023-07-27 15:53:03.330 [Forwarding newSession on session null to remote] DefaultChannelId - -Dio.netty.processId: 10936 (auto-detected)
[DEBUG] 2023-07-27 15:53:03.333 [Forwarding newSession on session null to remote] NetUtil - -Djava.net.preferIPv4Stack: false
[DEBUG] 2023-07-27 15:53:03.333 [Forwarding newSession on session null to remote] NetUtil - -Djava.net.preferIPv6Addresses: false
[DEBUG] 2023-07-27 15:53:03.358 [Forwarding newSession on session null to remote] NetUtilInitializations - Loopback interface: lo (Software Loopback Interface 1, 127.0.0.1)
[DEBUG] 2023-07-27 15:53:03.360 [Forwarding newSession on session null to remote] NetUtil - Failed to get SOMAXCONN from sysctl and file \proc\sys\net\core\somaxconn. Default: 200
[DEBUG] 2023-07-27 15:53:03.452 [Forwarding newSession on session null to remote] DefaultChannelId - -Dio.netty.machineId: e0:9d:31:ff:fe:e2:9e:60 (auto-detected)
[DEBUG] 2023-07-27 15:53:03.547 [AsyncHttpClient-1-2] AbstractByteBuf - -Dio.netty.buffer.checkAccessible: true
[DEBUG] 2023-07-27 15:53:03.547 [AsyncHttpClient-1-2] AbstractByteBuf - -Dio.netty.buffer.checkBounds: true
[DEBUG] 2023-07-27 15:53:03.548 [AsyncHttpClient-1-2] ResourceLeakDetectorFactory - Loaded default ResourceLeakDetector: io.netty.util.ResourceLeakDetector@53fb6c2c
[DEBUG] 2023-07-27 15:53:03.595 [AsyncHttpClient-1-2] Recycler - -Dio.netty.recycler.maxCapacityPerThread: 4096
[DEBUG] 2023-07-27 15:53:03.595 [AsyncHttpClient-1-2] Recycler - -Dio.netty.recycler.maxSharedCapacityFactor: 2
[DEBUG] 2023-07-27 15:53:03.595 [AsyncHttpClient-1-2] Recycler - -Dio.netty.recycler.linkCapacity: 16
[DEBUG] 2023-07-27 15:53:03.595 [AsyncHttpClient-1-2] Recycler - -Dio.netty.recycler.ratio: 8
[DEBUG] 2023-07-27 15:53:03.595 [AsyncHttpClient-1-2] Recycler - -Dio.netty.recycler.delayedQueue.ratio: 8
[DEBUG] 2023-07-27 15:53:04.897 [AsyncHttpClient-1-2] Brotli - brotli4j not in the classpath; Brotli support will be unavailable.
[DEBUG] 2023-07-27 15:53:05.274 [main] ThreadLocalRandom - -Dio.netty.initialSeedUniquifier: 0x28a22a5ea0c02af4
[INFO ] 2023-07-27 15:53:10.994 [main] PlentysWeb - url opened
[INFO ] 2023-07-27 15:53:12.057 [main] PlentysWeb - Click Signup Button
[INFO ] 2023-07-27 15:53:28.967 [main] PlentysWeb - Wait for 12 Seconds
[INFO ] 2023-07-27 15:53:33.921 [main] PlentysWeb - Wait for 4 Seconds
]]></system-out>
    <system-err><![CDATA[SLF4J: Failed to load class "org.slf4j.impl.StaticLoggerBinder".
SLF4J: Defaulting to no-operation (NOP) logger implementation
SLF4J: See http://www.slf4j.org/codes.html#StaticLoggerBinder for further details.
Starting ChromeDriver 114.0.5735.90 (386bc09e8f4f2e025eddae123f36f6263096ae49-refs/branch-heads/5735@{#1052}) on port 59862
Only local connections are allowed.
Please see https://chromedriver.chromium.org/security-considerations for suggestions on keeping ChromeDriver safe.
ChromeDriver was started successfully.
[1690455184.787][WARNING]: This version of ChromeDriver has not been tested with Chrome version 115.
Jul 27, 2023 3:53:05 PM org.openqa.selenium.remote.ProtocolHandshake createSession
INFO: Detected dialect: W3C
Jul 27, 2023 3:53:05 PM org.openqa.selenium.devtools.CdpVersionFinder findNearestMatch
WARNING: Unable to find an exact match for CDP version 115, so returning the closest version found: a no-op implementation
Jul 27, 2023 3:53:05 PM org.openqa.selenium.devtools.CdpVersionFinder findNearestMatch
INFO: Unable to find CDP implementation matching 115.
Jul 27, 2023 3:53:05 PM org.openqa.selenium.chromium.ChromiumDriver lambda$new$3
WARNING: Unable to find version of CDP to use for . You may need to include a dependency on a specific version of the CDP using something similar to `org.seleniumhq.selenium:selenium-devtools-v86:4.1.1` where the version ("v86") matches the version of the chromium-based browser you're using and the version number of the artifact is the same as Selenium's.
]]></system-err>
  </testcase>
</testsuite>